<?xml version="1.0" encoding="UTF-8"?>
<!-- Generated by org.testng.reporters.JUnitReportReporter -->
<testsuite hostname="LAPTOP-22D0NS80" failures="0" tests="1" name="org.example.AmazonEmail" time="175.875" errors="0" timestamp="2023-05-05T17:13:08 IST" skipped="0">
  <testcase classname="org.example.AmazonEmail" name="getTitleFromPage" time="175.875"/>
  <system-out/>
</testsuite> <!-- org.example.AmazonEmail -->
